=== Phase 5g-C: ソングタイプ分類 + 個体識別 ===
データ読み込み中...
  great-tit-hits.csv: 109963 行
特徴ベクトル読み込み中（大きいファイル、時間がかかります）...
  読み込み完了: 2.7 秒, 形状=(109963, 384)
特徴量: (109963, 384)

ソングタイプ分類: 50サンプル以上のクラスに限定
  使用サンプル: 87474 / 109963
  クラス数: 725

============================================================
タスク: ソングタイプ分類 (725 クラス)
============================================================
サンプル数: 87474, クラス数: 725
学習: 69979, テスト: 17495

--- LogReg (solver=lbfgs) ---
  Top-1: 99.20%, Top-5: 99.96%, F1: 0.9924, 時間: 35.1秒

--- k-NN (k=5) ---
  Top-1: 99.05%, Top-5: 99.74%, F1: 0.9909, 時間: 23.2秒

個体識別: 50サンプル以上の個体に限定
  使用サンプル: 107031 / 109963
  個体数: 360

============================================================
タスク: 個体識別 (360 個体)
============================================================
サンプル数: 107031, クラス数: 360
学習: 85624, テスト: 21407

--- LogReg (solver=lbfgs) ---
  Top-1: 98.48%, Top-5: 99.86%, F1: 0.9792, 時間: 19.0秒

--- k-NN (k=5) ---
  Top-1: 98.44%, Top-5: 99.63%, F1: 0.9787, 時間: 33.0秒

======================================================================
Phase 5g 結果サマリー
======================================================================

タスク                                 手法            Top-1    Top-5       F1
----------------------------------------------------------------------
songtype_classification (725cls)    LogReg       99.20%   99.96%  0.9924
songtype_classification (725cls)    kNN          99.05%   99.74%  0.9909
individual_identification (360cls)  LogReg       98.48%   99.86%  0.9792
individual_identification (360cls)  kNN          98.44%   99.63%  0.9787

--- 失敗条件の判定 ---
  OK: ソングタイプ分類 F1 (0.9924) >= 0.5
  OK: 個体識別精度 (98.48%) >> チャンスレート (0.28%)

--- Phase 1 (CUB-200 画像分類) との構造比較 ---
  Phase 1: 11,788画像 × 384次元 → 200種分類 → LogReg 87.31%
  Phase 5g ソングタイプ: 87474曲 × 384次元 → 725タイプ分類 → LogReg 99.20%
  Phase 5g 個体識別: 107031曲 × 384次元 → 360個体識別 → LogReg 98.48%

保存: ../results/great_tit_phase5g\phase5g_results.json
