=== Phase 4a-C: 切り抜き精度比較 ===
YOLO 検出率: 98.15%
平均 IoU: 0.8756
推論速度: 123.90 枚/秒

--- 元画像（Phase 1 相当） ---
  Top-1: 87.31%, Top-5: 97.69%, F1: 0.8730

--- YOLO 切り抜き ---
  Top-1: 85.80%, Top-5: 96.96%, F1: 0.8575

--- 正解 bbox 切り抜き（上限） ---
  Top-1: 86.16%, Top-5: 97.26%, F1: 0.8616

============================================================
Phase 4a 結果サマリー
============================================================
パターン                                   Top-1    Top-5       F1
------------------------------------------------------------
元画像（Phase 1 相当）                       87.31%   97.69%  0.8730
YOLO 切り抜き                             85.80%   96.96%  0.8575
正解 bbox 切り抜き（上限）                      86.16%   97.26%  0.8616

--- Phase 1 との比較 ---
  Phase 1 (報告値):         87.73%
  本実験 元画像:            87.31% (-0.42pp)
  YOLO 切り抜き:            85.80% (-1.93pp)
  正解 bbox 切り抜き (上限): 86.16% (-1.57pp)

--- 失敗条件の判定 ---
  OK: 検出率 98.15% >= 80%
  OK: YOLO 切り抜きの精度変化 -1.93pp (許容範囲)

  本実験内 YOLO vs 元画像: -1.52pp

保存: ..\results\bird_phase4a\phase4a_results.json
