[C:\vcpkg\buildtrees\mpg123\src\-66150af195.clean\src\libmpg123\layer3.c:INT123_do_layer3():1908] error: dequantization failed!
[C:\vcpkg\buildtrees\mpg123\src\-66150af195.clean\src\libmpg123\layer3.c:INT123_do_layer3():1908] error: dequantization failed!
[C:\vcpkg\buildtrees\mpg123\src\-66150af195.clean\src\libmpg123\layer3.c:INT123_do_layer3():1908] error: dequantization failed!
[C:\vcpkg\buildtrees\mpg123\src\-66150af195.clean\src\libmpg123\layer3.c:INT123_do_layer3():1908] error: dequantization failed!
[C:\vcpkg\buildtrees\mpg123\src\-66150af195.clean\src\libmpg123\layer3.c:INT123_do_layer3():1908] error: dequantization failed!
[C:\vcpkg\buildtrees\mpg123\src\-66150af195.clean\src\libmpg123\layer3.c:INT123_do_layer3():1908] error: dequantization failed!
[C:\vcpkg\buildtrees\mpg123\src\-66150af195.clean\src\libmpg123\layer3.c:INT123_do_layer3():1908] error: dequantization failed!
[C:\vcpkg\buildtrees\mpg123\src\-66150af195.clean\src\libmpg123\layer3.c:INT123_do_layer3():1908] error: dequantization failed!
[C:\vcpkg\buildtrees\mpg123\src\-66150af195.clean\src\libmpg123\layer3.c:INT123_do_layer3():1908] error: dequantization failed!
[C:\vcpkg\buildtrees\mpg123\src\-66150af195.clean\src\libmpg123\layer3.c:INT123_do_layer3():1908] error: dequantization failed!
[C:\vcpkg\buildtrees\mpg123\src\-66150af195.clean\src\libmpg123\layer3.c:INT123_do_layer3():1908] error: dequantization failed!
[C:\vcpkg\buildtrees\mpg123\src\-66150af195.clean\src\libmpg123\layer3.c:INT123_do_layer3():1908] error: dequantization failed!
[C:\vcpkg\buildtrees\mpg123\src\-66150af195.clean\src\libmpg123\layer3.c:INT123_do_layer3():1908] error: dequantization failed!
[C:\vcpkg\buildtrees\mpg123\src\-66150af195.clean\src\libmpg123\layer3.c:INT123_do_layer3():1908] error: dequantization failed!
[C:\vcpkg\buildtrees\mpg123\src\-66150af195.clean\src\libmpg123\layer3.c:INT123_do_layer3():1908] error: dequantization failed!
[C:\vcpkg\buildtrees\mpg123\src\-66150af195.clean\src\libmpg123\layer3.c:INT123_do_layer3():1908] error: dequantization failed!
[C:\vcpkg\buildtrees\mpg123\src\-66150af195.clean\src\libmpg123\layer3.c:INT123_do_layer3():1908] error: dequantization failed!
[C:\vcpkg\buildtrees\mpg123\src\-66150af195.clean\src\libmpg123\layer3.c:INT123_do_layer3():1908] error: dequantization failed!
[C:\vcpkg\buildtrees\mpg123\src\-66150af195.clean\src\libmpg123\layer3.c:INT123_do_layer3():1908] error: dequantization failed!
[C:\vcpkg\buildtrees\mpg123\src\-66150af195.clean\src\libmpg123\layer3.c:INT123_do_layer3():1908] error: dequantization failed!
[C:\vcpkg\buildtrees\mpg123\src\-66150af195.clean\src\libmpg123\layer3.c:INT123_do_layer3():1908] error: dequantization failed!
[C:\vcpkg\buildtrees\mpg123\src\-66150af195.clean\src\libmpg123\layer3.c:INT123_do_layer3():1908] error: dequantization failed!
[C:\vcpkg\buildtrees\mpg123\src\-66150af195.clean\src\libmpg123\layer3.c:INT123_do_layer3():1908] error: dequantization failed!
[C:\vcpkg\buildtrees\mpg123\src\-66150af195.clean\src\libmpg123\layer3.c:INT123_do_layer3():1908] error: dequantization failed!
[C:\vcpkg\buildtrees\mpg123\src\-66150af195.clean\src\libmpg123\layer3.c:INT123_do_layer3():1908] error: dequantization failed!
[C:\vcpkg\buildtrees\mpg123\src\-66150af195.clean\src\libmpg123\layer3.c:INT123_do_layer3():1908] error: dequantization failed!
[C:\vcpkg\buildtrees\mpg123\src\-66150af195.clean\src\libmpg123\layer3.c:INT123_do_layer3():1908] error: dequantization failed!
[C:\vcpkg\buildtrees\mpg123\src\-66150af195.clean\src\libmpg123\layer3.c:INT123_do_layer3():1908] error: dequantization failed!
[C:\vcpkg\buildtrees\mpg123\src\-66150af195.clean\src\libmpg123\layer3.c:INT123_do_layer3():1908] error: dequantization failed!
[C:\vcpkg\buildtrees\mpg123\src\-66150af195.clean\src\libmpg123\layer3.c:INT123_do_layer3():1908] error: dequantization failed!
[C:\vcpkg\buildtrees\mpg123\src\-66150af195.clean\src\libmpg123\layer3.c:INT123_do_layer3():1908] error: dequantization failed!
[C:\vcpkg\buildtrees\mpg123\src\-66150af195.clean\src\libmpg123\layer3.c:INT123_do_layer3():1908] error: dequantization failed!
[C:\vcpkg\buildtrees\mpg123\src\-66150af195.clean\src\libmpg123\layer3.c:INT123_do_layer3():1908] error: dequantization failed!
[C:\vcpkg\buildtrees\mpg123\src\-66150af195.clean\src\libmpg123\layer3.c:INT123_do_layer3():1908] error: dequantization failed!
[C:\vcpkg\buildtrees\mpg123\src\-66150af195.clean\src\libmpg123\layer3.c:INT123_do_layer3():1908] error: dequantization failed!
[C:\vcpkg\buildtrees\mpg123\src\-66150af195.clean\src\libmpg123\layer3.c:INT123_do_layer3():1908] error: dequantization failed!
[C:\vcpkg\buildtrees\mpg123\src\-66150af195.clean\src\libmpg123\layer3.c:INT123_do_layer3():1908] error: dequantization failed!
[C:\vcpkg\buildtrees\mpg123\src\-66150af195.clean\src\libmpg123\layer3.c:INT123_do_layer3():1908] error: dequantization failed!
[C:\vcpkg\buildtrees\mpg123\src\-66150af195.clean\src\libmpg123\layer3.c:INT123_do_layer3():1908] error: dequantization failed!
[C:\vcpkg\buildtrees\mpg123\src\-66150af195.clean\src\libmpg123\layer3.c:INT123_do_layer3():1908] error: dequantization failed!
[C:\vcpkg\buildtrees\mpg123\src\-66150af195.clean\src\libmpg123\layer3.c:INT123_do_layer3():1908] error: dequantization failed!
[C:\vcpkg\buildtrees\mpg123\src\-66150af195.clean\src\libmpg123\layer3.c:INT123_do_layer3():1908] error: dequantization failed!
[C:\vcpkg\buildtrees\mpg123\src\-66150af195.clean\src\libmpg123\layer3.c:INT123_do_layer3():1908] error: dequantization failed!
[C:\vcpkg\buildtrees\mpg123\src\-66150af195.clean\src\libmpg123\layer3.c:INT123_do_layer3():1908] error: dequantization failed!
[C:\vcpkg\buildtrees\mpg123\src\-66150af195.clean\src\libmpg123\layer3.c:INT123_do_layer3():1908] error: dequantization failed!
[C:\vcpkg\buildtrees\mpg123\src\-66150af195.clean\src\libmpg123\layer3.c:INT123_do_layer3():1908] error: dequantization failed!
[C:\vcpkg\buildtrees\mpg123\src\-66150af195.clean\src\libmpg123\layer3.c:INT123_do_layer3():1908] error: dequantization failed!
[C:\vcpkg\buildtrees\mpg123\src\-66150af195.clean\src\libmpg123\layer3.c:INT123_do_layer3():1948] error: dequantization failed!
[C:\vcpkg\buildtrees\mpg123\src\-66150af195.clean\src\libmpg123\layer3.c:INT123_do_layer3():1908] error: dequantization failed!
Note: Illegal Audio-MPEG-Header 0x202d666f at offset 1678859.
Note: Trying to resync...
Note: Hit end of (available) data during resync.
[C:\vcpkg\buildtrees\mpg123\src\-66150af195.clean\src\libmpg123\layer3.c:INT123_do_layer3():1908] error: dequantization failed!
[C:\vcpkg\buildtrees\mpg123\src\-66150af195.clean\src\libmpg123\layer3.c:INT123_do_layer3():1908] error: dequantization failed!
[C:\vcpkg\buildtrees\mpg123\src\-66150af195.clean\src\libmpg123\layer3.c:INT123_do_layer3():1908] error: dequantization failed!
[C:\vcpkg\buildtrees\mpg123\src\-66150af195.clean\src\libmpg123\layer3.c:INT123_do_layer3():1908] error: dequantization failed!
[C:\vcpkg\buildtrees\mpg123\src\-66150af195.clean\src\libmpg123\layer3.c:INT123_do_layer3():1908] error: dequantization failed!
[C:\vcpkg\buildtrees\mpg123\src\-66150af195.clean\src\libmpg123\layer3.c:INT123_do_layer3():1908] error: dequantization failed!
[C:\vcpkg\buildtrees\mpg123\src\-66150af195.clean\src\libmpg123\layer3.c:INT123_do_layer3():1908] error: dequantization failed!
[C:\vcpkg\buildtrees\mpg123\src\-66150af195.clean\src\libmpg123\layer3.c:INT123_do_layer3():1908] error: dequantization failed!
[C:\vcpkg\buildtrees\mpg123\src\-66150af195.clean\src\libmpg123\layer3.c:INT123_do_layer3():1908] error: dequantization failed!
[C:\vcpkg\buildtrees\mpg123\src\-66150af195.clean\src\libmpg123\layer3.c:INT123_do_layer3():1908] error: dequantization failed!
[C:\vcpkg\buildtrees\mpg123\src\-66150af195.clean\src\libmpg123\layer3.c:INT123_do_layer3():1908] error: dequantization failed!
[C:\vcpkg\buildtrees\mpg123\src\-66150af195.clean\src\libmpg123\layer3.c:INT123_do_layer3():1908] error: dequantization failed!
[C:\vcpkg\buildtrees\mpg123\src\-66150af195.clean\src\libmpg123\layer3.c:INT123_do_layer3():1908] error: dequantization failed!
[C:\vcpkg\buildtrees\mpg123\src\-66150af195.clean\src\libmpg123\layer3.c:INT123_do_layer3():1908] error: dequantization failed!
[C:\vcpkg\buildtrees\mpg123\src\-66150af195.clean\src\libmpg123\layer3.c:INT123_do_layer3():1908] error: dequantization failed!
[C:\vcpkg\buildtrees\mpg123\src\-66150af195.clean\src\libmpg123\layer3.c:INT123_do_layer3():1908] error: dequantization failed!
[C:\vcpkg\buildtrees\mpg123\src\-66150af195.clean\src\libmpg123\layer3.c:INT123_do_layer3():1908] error: dequantization failed!
[C:\vcpkg\buildtrees\mpg123\src\-66150af195.clean\src\libmpg123\layer3.c:INT123_do_layer3():1908] error: dequantization failed!
[C:\vcpkg\buildtrees\mpg123\src\-66150af195.clean\src\libmpg123\layer3.c:INT123_do_layer3():1908] error: dequantization failed!
[C:\vcpkg\buildtrees\mpg123\src\-66150af195.clean\src\libmpg123\layer3.c:INT123_do_layer3():1908] error: dequantization failed!
[C:\vcpkg\buildtrees\mpg123\src\-66150af195.clean\src\libmpg123\layer3.c:INT123_do_layer3():1908] error: dequantization failed!
[C:\vcpkg\buildtrees\mpg123\src\-66150af195.clean\src\libmpg123\layer3.c:INT123_do_layer3():1908] error: dequantization failed!
[C:\vcpkg\buildtrees\mpg123\src\-66150af195.clean\src\libmpg123\layer3.c:INT123_do_layer3():1908] error: dequantization failed!
[C:\vcpkg\buildtrees\mpg123\src\-66150af195.clean\src\libmpg123\layer3.c:INT123_do_layer3():1908] error: dequantization failed!
[C:\vcpkg\buildtrees\mpg123\src\-66150af195.clean\src\libmpg123\layer3.c:INT123_do_layer3():1908] error: dequantization failed!
[C:\vcpkg\buildtrees\mpg123\src\-66150af195.clean\src\libmpg123\layer3.c:INT123_do_layer3():1880] error: part2_3_length (3264) too large for available bit count (3240)
[C:\vcpkg\buildtrees\mpg123\src\-66150af195.clean\src\libmpg123\layer3.c:INT123_do_layer3():1880] error: part2_3_length (3264) too large for available bit count (3240)
[C:\vcpkg\buildtrees\mpg123\src\-66150af195.clean\src\libmpg123\layer3.c:INT123_do_layer3():1880] error: part2_3_length (3264) too large for available bit count (3240)
[C:\vcpkg\buildtrees\mpg123\src\-66150af195.clean\src\libmpg123\layer3.c:INT123_do_layer3():1880] error: part2_3_length (3392) too large for available bit count (3240)
[C:\vcpkg\buildtrees\mpg123\src\-66150af195.clean\src\libmpg123\layer3.c:INT123_do_layer3():1880] error: part2_3_length (3264) too large for available bit count (3240)
[C:\vcpkg\buildtrees\mpg123\src\-66150af195.clean\src\libmpg123\layer3.c:INT123_do_layer3():1880] error: part2_3_length (4000) too large for available bit count (3240)
[C:\vcpkg\buildtrees\mpg123\src\-66150af195.clean\src\libmpg123\layer3.c:INT123_do_layer3():1880] error: part2_3_length (3264) too large for available bit count (3240)
Warning: Xing stream size off by more than 1%, fuzzy seeking may be even more fuzzy than by design!
Warning: Xing stream size off by more than 1%, fuzzy seeking may be even more fuzzy than by design!
Warning: Xing stream size off by more than 1%, fuzzy seeking may be even more fuzzy than by design!
Warning: Xing stream size off by more than 1%, fuzzy seeking may be even more fuzzy than by design!
Note: Illegal Audio-MPEG-Header 0x59246b91 at offset 66790.
Note: Trying to resync...
Note: Skipped 66 bytes in input.
Note: Illegal Audio-MPEG-Header 0x59246b91 at offset 66790.
Note: Trying to resync...
Note: Skipped 66 bytes in input.
Note: Illegal Audio-MPEG-Header 0x59246b91 at offset 66790.
Note: Trying to resync...
Note: Skipped 66 bytes in input.
Note: Illegal Audio-MPEG-Header 0x59246b91 at offset 66790.
Note: Trying to resync...
Note: Skipped 66 bytes in input.
Note: Illegal Audio-MPEG-Header 0x59246b91 at offset 66790.
Note: Trying to resync...
Note: Skipped 66 bytes in input.
Note: Illegal Audio-MPEG-Header 0x59246b91 at offset 66790.
Note: Trying to resync...
Note: Skipped 66 bytes in input.
Note: Illegal Audio-MPEG-Header 0x59246b91 at offset 66790.
Note: Trying to resync...
Note: Skipped 66 bytes in input.
Note: Illegal Audio-MPEG-Header 0x59246b91 at offset 66790.
Note: Trying to resync...
Note: Skipped 66 bytes in input.
Note: Illegal Audio-MPEG-Header 0x59246b91 at offset 66790.
Note: Trying to resync...
Note: Skipped 66 bytes in input.
Note: Illegal Audio-MPEG-Header 0x59246b91 at offset 66790.
Note: Trying to resync...
Note: Skipped 66 bytes in input.
[C:\vcpkg\buildtrees\mpg123\src\-66150af195.clean\src\libmpg123\layer3.c:INT123_do_layer3():1908] error: dequantization failed!
Note: Illegal Audio-MPEG-Header 0x59246b91 at offset 66790.
Note: Trying to resync...
Note: Skipped 66 bytes in input.
Note: Illegal Audio-MPEG-Header 0x59246b91 at offset 66790.
Note: Trying to resync...
Note: Skipped 66 bytes in input.
Note: Illegal Audio-MPEG-Header 0x59246b91 at offset 66790.
Note: Trying to resync...
Note: Skipped 66 bytes in input.
Note: Illegal Audio-MPEG-Header 0x59246b91 at offset 66790.
Note: Trying to resync...
Note: Skipped 66 bytes in input.
Note: Illegal Audio-MPEG-Header 0x59246b91 at offset 66790.
Note: Trying to resync...
Note: Skipped 66 bytes in input.
Note: Illegal Audio-MPEG-Header 0x59246b91 at offset 66790.
Note: Trying to resync...
Note: Skipped 66 bytes in input.
Note: Illegal Audio-MPEG-Header 0x59246b91 at offset 66790.
Note: Trying to resync...
Note: Skipped 66 bytes in input.
Note: Illegal Audio-MPEG-Header 0x59246b91 at offset 66790.
Note: Trying to resync...
Note: Skipped 66 bytes in input.
Note: Illegal Audio-MPEG-Header 0x59246b91 at offset 66790.
Note: Trying to resync...
Note: Skipped 66 bytes in input.
Note: Illegal Audio-MPEG-Header 0x59246b91 at offset 66790.
Note: Trying to resync...
Note: Skipped 66 bytes in input.
Note: Illegal Audio-MPEG-Header 0x59246b91 at offset 66790.
Note: Trying to resync...
Note: Skipped 66 bytes in input.
Note: Illegal Audio-MPEG-Header 0x99f0ec9e at offset 1049896.
Note: Trying to resync...
Note: Skipped 22 bytes in input.
Note: Illegal Audio-MPEG-Header 0x59246b91 at offset 66790.
Note: Trying to resync...
Note: Skipped 66 bytes in input.
Note: Illegal Audio-MPEG-Header 0x99f0ec9e at offset 1049896.
Note: Trying to resync...
Note: Skipped 22 bytes in input.
Note: Illegal Audio-MPEG-Header 0xffa3e406 at offset 1049922.
Note: Trying to resync...
Note: Skipped 183 bytes in input.
[C:\vcpkg\buildtrees\mpg123\src\-66150af195.clean\src\libmpg123\layer3.c:INT123_do_layer3():1908] error: dequantization failed!
[C:\vcpkg\buildtrees\mpg123\src\-66150af195.clean\src\libmpg123\layer3.c:INT123_do_layer3():1908] error: dequantization failed!
[C:\vcpkg\buildtrees\mpg123\src\-66150af195.clean\src\libmpg123\layer3.c:INT123_do_layer3():1908] error: dequantization failed!
[C:\vcpkg\buildtrees\mpg123\src\-66150af195.clean\src\libmpg123\layer3.c:INT123_do_layer3():1908] error: dequantization failed!
[C:\vcpkg\buildtrees\mpg123\src\-66150af195.clean\src\libmpg123\layer3.c:INT123_do_layer3():1908] error: dequantization failed!
[C:\vcpkg\buildtrees\mpg123\src\-66150af195.clean\src\libmpg123\layer3.c:INT123_do_layer3():1908] error: dequantization failed!
[C:\vcpkg\buildtrees\mpg123\src\-66150af195.clean\src\libmpg123\layer3.c:INT123_do_layer3():1908] error: dequantization failed!
Note: Illegal Audio-MPEG-Header 0x3632322c at offset 455509.
Note: Trying to resync...
Note: Hit end of (available) data during resync.
=== Phase 3b-B: BirdNET 音声特徴抽出 ===

BirdNET モデルをロード中...
  モデルロード完了

動作確認 (テストファイル): ..\data\xeno-canto\class_058\XC571013.mp3
    予測失敗: XC571013.mp3: Analysis was cancelled. Please check the logs: C:\Users\PIPE_R~1\AppData\Local\Temp\birdnet_session_27022.log
警告: 初回予測が空でした

--- [58] California Gull (52 件) ---
    予測失敗: XC571013.mp3: Analysis was cancelled. Please check the logs: C:\Users\PIPE_R~1\AppData\Local\Temp\birdnet_session_1e723.log
    予測失敗: XC362781.mp3: Analysis was cancelled. Please check the logs: C:\Users\PIPE_R~1\AppData\Local\Temp\birdnet_session_4a096.log
    予測失敗: XC189395.mp3: Analysis was cancelled. Please check the logs: C:\Users\PIPE_R~1\AppData\Local\Temp\birdnet_session_7b2ad.log
  10/52 完了
    予測失敗: XC109696.mp3: Analysis was cancelled. Please check the logs: C:\Users\PIPE_R~1\AppData\Local\Temp\birdnet_session_11db6.log
  20/52 完了
    予測失敗: XC362492.mp3: Analysis was cancelled. Please check the logs: C:\Users\PIPE_R~1\AppData\Local\Temp\birdnet_session_9cbed.log
  30/52 完了
  40/52 完了
  50/52 完了
  完了: shape (52, 15)

--- [143] Common Tern (100 件) ---
  10/100 完了
  20/100 完了
    予測失敗: XC813655.mp3: Analysis was cancelled. Please check the logs: C:\Users\PIPE_R~1\AppData\Local\Temp\birdnet_session_925f3.log
    予測失敗: XC781197.mp3: Analysis was cancelled. Please check the logs: C:\Users\PIPE_R~1\AppData\Local\Temp\birdnet_session_703ff.log
  30/100 完了
  40/100 完了
  50/100 完了
  60/100 完了
  70/100 完了
  80/100 完了
  90/100 完了
    予測失敗: XC281203.mp3: Analysis was cancelled. Please check the logs: C:\Users\PIPE_R~1\AppData\Local\Temp\birdnet_session_c8540.log
    予測失敗: XC181436.mp3: Analysis was cancelled. Please check the logs: C:\Users\PIPE_R~1\AppData\Local\Temp\birdnet_session_0da1f.log
  100/100 完了
  完了: shape (100, 15)

--- [49] Eared Grebe (88 件) ---
    予測失敗: XC940200.mp3: Analysis was cancelled. Please check the logs: C:\Users\PIPE_R~1\AppData\Local\Temp\birdnet_session_89442.log
  10/88 完了
  20/88 完了
  30/88 完了
    予測失敗: XC103890.mp3: Analysis was cancelled. Please check the logs: C:\Users\PIPE_R~1\AppData\Local\Temp\birdnet_session_c9537.log
  40/88 完了
  50/88 完了
  60/88 完了
    予測失敗: XC70456.mp3: Analysis was cancelled. Please check the logs: C:\Users\PIPE_R~1\AppData\Local\Temp\birdnet_session_7c0b4.log
  70/88 完了
  80/88 完了
    予測失敗: XC182452.mp3: Analysis was cancelled. Please check the logs: C:\Users\PIPE_R~1\AppData\Local\Temp\birdnet_session_12f7c.log
  完了: shape (88, 15)

--- [186] American Three toed Woodpecker (71 件) ---
  10/71 完了
    予測失敗: XC77785.mp3: Analysis was cancelled. Please check the logs: C:\Users\PIPE_R~1\AppData\Local\Temp\birdnet_session_d7958.log
  20/71 完了
    予測失敗: XC138700.mp3: Analysis was cancelled. Please check the logs: C:\Users\PIPE_R~1\AppData\Local\Temp\birdnet_session_b7d0d.log
  30/71 完了
    予測失敗: XC700940.mp3: Analysis was cancelled. Please check the logs: C:\Users\PIPE_R~1\AppData\Local\Temp\birdnet_session_53ce5.log
  40/71 完了
  50/71 完了
    予測失敗: XC190083.mp3: Analysis was cancelled. Please check the logs: C:\Users\PIPE_R~1\AppData\Local\Temp\birdnet_session_b1984.log
    予測失敗: XC99809.mp3: Analysis was cancelled. Please check the logs: C:\Users\PIPE_R~1\AppData\Local\Temp\birdnet_session_21bca.log
    予測失敗: XC39272.mp3: Analysis was cancelled. Please check the logs: C:\Users\PIPE_R~1\AppData\Local\Temp\birdnet_session_e9bc4.log
  60/71 完了
  70/71 完了
  完了: shape (71, 15)

--- [187] Pileated Woodpecker (100 件) ---
  10/100 完了
  20/100 完了
  30/100 完了
    予測失敗: XC326527.mp3: Analysis was cancelled. Please check the logs: C:\Users\PIPE_R~1\AppData\Local\Temp\birdnet_session_24183.log
  40/100 完了
  50/100 完了
  60/100 完了
    予測失敗: XC985677.mp3: Analysis was cancelled. Please check the logs: C:\Users\PIPE_R~1\AppData\Local\Temp\birdnet_session_dda95.log
  70/100 完了
  80/100 完了
    予測失敗: XC602046.mp3: Analysis was cancelled. Please check the logs: C:\Users\PIPE_R~1\AppData\Local\Temp\birdnet_session_8ba64.log
  90/100 完了
  100/100 完了
  完了: shape (100, 15)

--- [negative] negative (25 件) ---
  10/25 完了
  20/25 完了
  完了: shape (25, 15)

保存: ..\results\bird_phase3b\features_birdnet.npz
  58: (52, 15) (有効 47/52)
  143: (100, 15) (有効 96/100)
  49: (88, 15) (有効 84/88)
  186: (71, 15) (有効 65/71)
  187: (100, 15) (有効 97/100)
  negative: (25, 15) (有効 25/25)
