=== Phase 3b-C: 学習・評価（音声データ増量） ===
画像特徴量: (11788, 384), ラベル: (11788,)
音声特徴量: 6 グループ
  58: (52, 15)
  143: (100, 15)
  49: (88, 15)
  186: (71, 15)
  187: (100, 15)
  negative: (25, 15)

============================================================
対象種: California Gull (class 58, DINOv2 F1=0.2182)
============================================================
  正例: 60, 負例: 300, 合計: 360, 音声 pos=52 neg=25

  手法                                     F1     Prec   Recall      AUC
  ------------------------------------------------------------------
  DINOv2_LogReg                     0.8972  0.8750  0.9333  0.9844
  DINOv2_MLP                        0.9114  0.8401  1.0000  0.9886
  BirdNET_LogReg                    0.3227  0.2439  0.4833  0.6058
  DINOv2+BirdNET_LogReg             0.8972  0.8750  0.9333  0.9858
  DINOv2+BirdNET_MLP                0.9045  0.8286  1.0000  0.9867

============================================================
対象種: Common Tern (class 143, DINOv2 F1=0.4231)
============================================================
  正例: 60, 負例: 300, 合計: 360, 音声 pos=100 neg=25

  手法                                     F1     Prec   Recall      AUC
  ------------------------------------------------------------------
  DINOv2_LogReg                     0.9408  0.9104  0.9833  0.9967
  DINOv2_MLP                        0.9315  0.8824  1.0000  0.9964
  BirdNET_LogReg                    0.2807  0.2046  0.4667  0.5583
  DINOv2+BirdNET_LogReg             0.9313  0.9104  0.9667  0.9961
  DINOv2+BirdNET_MLP                0.9366  0.8894  1.0000  0.9964

============================================================
対象種: Eared Grebe (class 49, DINOv2 F1=0.9153)
============================================================
  正例: 60, 負例: 300, 合計: 360, 音声 pos=88 neg=25

  手法                                     F1     Prec   Recall      AUC
  ------------------------------------------------------------------
  DINOv2_LogReg                     0.9452  0.8967  1.0000  0.9967
  DINOv2_MLP                        0.9236  0.8589  1.0000  0.9972
  BirdNET_LogReg                    0.5921  0.4774  0.7833  0.8403
  DINOv2+BirdNET_LogReg             0.9366  0.8945  0.9833  0.9989
  DINOv2+BirdNET_MLP                0.9305  0.8703  1.0000  0.9994

============================================================
対象種: American Three toed Woodpecker (class 186, DINOv2 F1=1.0000)
============================================================
  正例: 50, 負例: 250, 合計: 300, 音声 pos=71 neg=25

  手法                                     F1     Prec   Recall      AUC
  ------------------------------------------------------------------
  DINOv2_LogReg                     0.9705  0.9618  0.9800  0.9992
  DINOv2_MLP                        0.9628  0.9303  1.0000  0.9992
  BirdNET_LogReg                    0.6211  0.5410  0.7400  0.8540
  DINOv2+BirdNET_LogReg             0.9705  0.9618  0.9800  0.9996
  DINOv2+BirdNET_MLP                0.9628  0.9303  1.0000  0.9992

============================================================
対象種: Pileated Woodpecker (class 187, DINOv2 F1=1.0000)
============================================================
  正例: 60, 負例: 300, 合計: 360, 音声 pos=100 neg=25

  手法                                     F1     Prec   Recall      AUC
  ------------------------------------------------------------------
  DINOv2_LogReg                     1.0000  1.0000  1.0000  1.0000
  DINOv2_MLP                        0.9760  0.9538  1.0000  1.0000
  BirdNET_LogReg                    0.3916  0.3065  0.5500  0.7439
  DINOv2+BirdNET_LogReg             1.0000  1.0000  1.0000  1.0000
  DINOv2+BirdNET_MLP                0.9920  0.9846  1.0000  1.0000

============================================================
Phase 3b 全種平均
============================================================
  BirdNET_LogReg                   F1: 0.4416 ± 0.1395
  DINOv2+BirdNET_LogReg            F1: 0.9471 ± 0.0352
  DINOv2+BirdNET_MLP               F1: 0.9453 ± 0.0298
  DINOv2_LogReg                    F1: 0.9507 ± 0.0341
  DINOv2_MLP                       F1: 0.9410 ± 0.0244

============================================================
Phase 3 vs Phase 3b 比較（全種平均 F1）
============================================================
  手法                                  Phase 3   Phase 3b          差
  ------------------------------------------------------------------
  DINOv2_LogReg                        0.9507     0.9507    +0.0000
  DINOv2_MLP                           0.9429     0.9410    -0.0018
  BirdNET_LogReg                       0.5268     0.4416    -0.0852
  DINOv2+BirdNET_LogReg                0.9616     0.9471    -0.0144
  DINOv2+BirdNET_MLP                   0.9422     0.9453    +0.0031

  --- MLP vs LogReg (統合) ---
  Phase 3   MLP=0.9422, LogReg=0.9616 → MLP > LogReg? NO
  Phase 3b  MLP=0.9453, LogReg=0.9471 → MLP > LogReg? NO

============================================================
データ量増加による F1 変化（種別, DINOv2+BirdNET_MLP）
============================================================
  種名                                          音声件数  Phase3 F1  Phase3b F1        改善幅
  ----------------------------------------------------------------------------------
  California Gull                            17→52     0.9045      0.9045    +0.0000
  Common Tern                               20→100     0.9440      0.9366    -0.0074
  Eared Grebe                                20→88     0.9242      0.9305    +0.0063
  American Three toed Woodpecker             20→71     0.9541      0.9628    +0.0087
  Pileated Woodpecker                       20→100     0.9840      0.9920    +0.0080

--- Phase 3b の失敗条件判定 ---
  NG: 統合 MLP (0.9453) - DINOv2 (0.9507) = -0.55pp (< 2pp)
  OK: BirdNET 単独 F1 (0.4416) >= 0.30
  統合 MLP が画像単独 LogReg を上回った種: 1/5
    → California Gull

結果を保存: ..\results\bird_phase3b\phase3b_results.json
